Arguments: 
  /usr/local/Cellar/node/9.11.1/bin/node /usr/local/bin/yarn start

PATH: 
  /Users/marclevetin/.gem/ruby/2.3.3/bin:/Users/marclevetin/.rubies/ruby-2.3.3/lib/ruby/gems/2.3.0/bin:/Users/marclevetin/.rubies/ruby-2.3.3/bin:/usr/local/sbin:/usr/local/bin:/usr/bin:/bin:/usr/sbin:/sbin:/Applications/Postgres.app/Contents/Versions/9.6/bin:/Applications/Postgres.app/Contents/Versions/10/bin

Yarn version: 
  1.5.1

Node version: 
  9.11.1

Platform: 
  darwin x64

npm manifest: 
  {
    "name": "random_name",
    "version": "1.0.0",
    "description": "For UNH-Portsmouth class",
    "main": "index.js",
    "scripts": {
      "start": "npm run webpack -- --watch",
      "test": "echo \"Error: no test specified\" && exit 1",
      "webpack": "node_modules/.bin/webpack --config ./react/webpack.config.js"
    },
    "repository": {
      "type": "git",
      "url": "git+https://github.com/marclevetin/portsmouth-randomizer.git"
    },
    "author": "Marc Levetin",
    "license": "ISC",
    "bugs": {
      "url": "https://github.com/marclevetin/portsmouth-randomizer/issues"
    },
    "homepage": "https://github.com/marclevetin/portsmouth-randomizer#readme",
    "dependencies": {
      "babel-core": "^6.26.0",
      "babel-loader": "^7.1.2",
      "babel-polyfill": "^6.26.0",
      "babel-preset-es2015": "^6.24.1",
      "babel-preset-react": "^6.24.1",
      "react": "^16.2.0",
      "react-dom": "^16.2.0",
      "webpack": "^3.10.0"
    }
  }

yarn manifest: 
  No manifest

Lockfile: 
  No lockfile

Trace: 
  Error: Command failed.
  Exit code: 1
  Command: sh
  Arguments: -c npm run webpack -- --watch
  Directory: /Users/marclevetin/Desktop/code-projects/trilogy-projects/random_name
  Output:
  
      at ProcessTermError.MessageError (/usr/local/lib/node_modules/yarn/lib/cli.js:186:110)
      at new ProcessTermError (/usr/local/lib/node_modules/yarn/lib/cli.js:226:113)
      at ChildProcess.<anonymous> (/usr/local/lib/node_modules/yarn/lib/cli.js:30281:17)
      at ChildProcess.emit (events.js:180:13)
      at maybeClose (internal/child_process.js:936:16)
      at Process.ChildProcess._handle.onexit (internal/child_process.js:220:5)
